<?xml version="1.0" encoding="UTF-8"?>
<!-- Generated by org.testng.reporters.JUnitXMLReporter -->
<testsuite ignored="0" hostname="MSI" failures="0" tests="4" name="Default test" time="25.818" errors="0" timestamp="2022-08-23T01:04:49 WIB">
  <testcase classname="com.juaracoding.appium.TestCalculator" name="testAdd" time="3.735"/>
  <testcase classname="com.juaracoding.appium.TestCalculator" name="testMinus" time="6.075"/>
  <testcase classname="com.juaracoding.appium.TestCalculator" name="testMultiple" time="3.752"/>
  <testcase classname="com.juaracoding.appium.TestCalculator" name="testDevide" time="4.553"/>
</testsuite> <!-- Default test -->
