<?xml version="1.0" encoding="UTF-8"?>
<testng-results ignored="0" total="4" passed="4" failed="0" skipped="0">
  <reporter-output>
  </reporter-output>
  <suite started-at="2022-08-23T01:04:23 WIB" name="Default suite" finished-at="2022-08-23T01:04:49 WIB" duration-ms="25818">
    <groups>
    </groups>
    <test started-at="2022-08-23T01:04:23 WIB" name="Default test" finished-at="2022-08-23T01:04:49 WIB" duration-ms="25818">
      <class name="com.juaracoding.appium.TestCalculator">
        <test-method is-config="true" signature="SetUP()[pri:0, instance:com.juaracoding.appium.TestCalculator@6ca8564a]" started-at="2022-08-23T01:04:23 WIB" name="SetUP" finished-at="2022-08-23T01:04:31 WIB" duration-ms="7275" status="PASS">
          <reporter-output>
          </reporter-output>
        </test-method> <!-- SetUP -->
        <test-method is-config="true" signature="pageObject()[pri:0, instance:com.juaracoding.appium.TestCalculator@6ca8564a]" started-at="2022-08-23T01:04:31 WIB" name="pageObject" finished-at="2022-08-23T01:04:31 WIB" duration-ms="2" status="PASS">
          <reporter-output>
          </reporter-output>
        </test-method> <!-- pageObject -->
        <test-method signature="testAdd()[pri:1, instance:com.juaracoding.appium.TestCalculator@6ca8564a]" started-at="2022-08-23T01:04:31 WIB" name="testAdd" finished-at="2022-08-23T01:04:35 WIB" duration-ms="3735" status="PASS">
          <reporter-output>
          </reporter-output>
        </test-method> <!-- testAdd -->
        <test-method is-config="true" signature="pageObject()[pri:0, instance:com.juaracoding.appium.TestCalculator@6ca8564a]" started-at="2022-08-23T01:04:35 WIB" name="pageObject" finished-at="2022-08-23T01:04:35 WIB" duration-ms="0" status="PASS">
          <reporter-output>
          </reporter-output>
        </test-method> <!-- pageObject -->
        <test-method signature="testMinus()[pri:2, instance:com.juaracoding.appium.TestCalculator@6ca8564a]" started-at="2022-08-23T01:04:35 WIB" name="testMinus" finished-at="2022-08-23T01:04:41 WIB" duration-ms="6075" status="PASS">
          <reporter-output>
          </reporter-output>
        </test-method> <!-- testMinus -->
        <test-method is-config="true" signature="pageObject()[pri:0, instance:com.juaracoding.appium.TestCalculator@6ca8564a]" started-at="2022-08-23T01:04:41 WIB" name="pageObject" finished-at="2022-08-23T01:04:41 WIB" duration-ms="1" status="PASS">
          <reporter-output>
          </reporter-output>
        </test-method> <!-- pageObject -->
        <test-method signature="testMultiple()[pri:3, instance:com.juaracoding.appium.TestCalculator@6ca8564a]" started-at="2022-08-23T01:04:41 WIB" name="testMultiple" finished-at="2022-08-23T01:04:44 WIB" duration-ms="3752" status="PASS">
          <reporter-output>
          </reporter-output>
        </test-method> <!-- testMultiple -->
        <test-method is-config="true" signature="pageObject()[pri:0, instance:com.juaracoding.appium.TestCalculator@6ca8564a]" started-at="2022-08-23T01:04:44 WIB" name="pageObject" finished-at="2022-08-23T01:04:44 WIB" duration-ms="0" status="PASS">
          <reporter-output>
          </reporter-output>
        </test-method> <!-- pageObject -->
        <test-method signature="testDevide()[pri:4, instance:com.juaracoding.appium.TestCalculator@6ca8564a]" started-at="2022-08-23T01:04:44 WIB" name="testDevide" finished-at="2022-08-23T01:04:49 WIB" duration-ms="4553" status="PASS">
          <reporter-output>
          </reporter-output>
        </test-method> <!-- testDevide -->
        <test-method is-config="true" signature="CloseApp()[pri:0, instance:com.juaracoding.appium.TestCalculator@6ca8564a]" started-at="2022-08-23T01:04:49 WIB" name="CloseApp" finished-at="2022-08-23T01:04:49 WIB" duration-ms="400" status="PASS">
          <reporter-output>
          </reporter-output>
        </test-method> <!-- CloseApp -->
      </class> <!-- com.juaracoding.appium.TestCalculator -->
    </test> <!-- Default test -->
  </suite> <!-- Default suite -->
</testng-results>
