<?xml version="1.0" encoding="UTF-8"?>
<testng-results ignored="0" total="1" passed="1" failed="0" skipped="0">
  <reporter-output>
  </reporter-output>
  <suite started-at="2022-08-22T21:21:46 WIB" name="Default suite" finished-at="2022-08-22T21:21:58 WIB" duration-ms="11613">
    <groups>
    </groups>
    <test started-at="2022-08-22T21:21:46 WIB" name="Default test" finished-at="2022-08-22T21:21:58 WIB" duration-ms="11613">
      <class name="com.juaracoding.appium.TestCalculator">
        <test-method is-config="true" signature="SetUP()[pri:0, instance:com.juaracoding.appium.TestCalculator@31368b99]" started-at="2022-08-22T21:21:46 WIB" name="SetUP" finished-at="2022-08-22T21:21:53 WIB" duration-ms="7176" status="PASS">
          <reporter-output>
          </reporter-output>
        </test-method> <!-- SetUP -->
        <test-method is-config="true" signature="pageObject()[pri:0, instance:com.juaracoding.appium.TestCalculator@31368b99]" started-at="2022-08-22T21:21:53 WIB" name="pageObject" finished-at="2022-08-22T21:21:53 WIB" duration-ms="2" status="PASS">
          <reporter-output>
          </reporter-output>
        </test-method> <!-- pageObject -->
        <test-method signature="testAdd()[pri:0, instance:com.juaracoding.appium.TestCalculator@31368b99]" started-at="2022-08-22T21:21:53 WIB" name="testAdd" finished-at="2022-08-22T21:21:57 WIB" duration-ms="4030" status="PASS">
          <reporter-output>
          </reporter-output>
        </test-method> <!-- testAdd -->
        <test-method is-config="true" signature="CloseApp()[pri:0, instance:com.juaracoding.appium.TestCalculator@31368b99]" started-at="2022-08-22T21:21:57 WIB" name="CloseApp" finished-at="2022-08-22T21:21:58 WIB" duration-ms="385" status="PASS">
          <reporter-output>
          </reporter-output>
        </test-method> <!-- CloseApp -->
      </class> <!-- com.juaracoding.appium.TestCalculator -->
    </test> <!-- Default test -->
  </suite> <!-- Default suite -->
</testng-results>
